[20 30 40 50]
[0 1 2 3]


a-b
[20 29 38 47]


b ** 2
[0 1 4 9]


10 * sin(a)
[ 9.12945251 -9.88031624  7.4511316  -2.62374854]


a < 35
[ True  True False False]


 a * b
[[2 0]
 [0 4]]


 a.dot(b) && np.dot(a,b)
[[5 4]
 [3 4]]



[[5 4]
 [3 4]]


 a*=3
[[3 3 3]
 [3 3 3]]


b += a
[[ 3.85589741  3.6569348   3.75880502]
 [ 3.28099116  3.97511677  3.39658243]]


 a += b
[[3 3 3]
 [3 3 3]]





 upcasting demo

b type
float64
a type
int32
c = a + b
[ 1.          2.57079633  4.14159265]
float64
d = c * 1j
[ 0.54030231+0.84147098j -0.84147098+0.54030231j -0.54030231-0.84147098j]
complex128




 unary examples
a
[[ 0.88483343  0.48564846  0.04502896]
 [ 0.71998426  0.03515422  0.80815702]]
a.sum
2.97880634529
a.min
0.0351542153846
a.max
0.884833425767
[[ 0  1  2  3]
 [ 4  5  6  7]
 [ 8  9 10 11]]
[12 15 18 21]
[0 4 8]
[[ 0  1  3  6]
 [ 4  9 15 22]
 [ 8 17 27 38]]
